0 info it worked if it ends with ok
1 verbose cli [ 'D:\\easycode\\nodejs\\node.exe',
1 verbose cli   'D:\\easycode\\nodejs\\node_modules\\npm\\bin\\npm-cli.js',
1 verbose cli   'start' ]
2 info using npm@3.10.8
3 info using node@v6.9.1
4 verbose run-script [ 'prestart', 'start', 'poststart' ]
5 info lifecycle template@1.0.0~prestart: template@1.0.0
6 silly lifecycle template@1.0.0~prestart: no script for prestart, continuing
7 info lifecycle template@1.0.0~start: template@1.0.0
8 verbose lifecycle template@1.0.0~start: unsafe-perm in lifecycle true
9 verbose lifecycle template@1.0.0~start: PATH: D:\easycode\nodejs\node_modules\npm\bin\node-gyp-bin;D:\easycode\class work\lesson 29\task-manager\node_modules\.bin;C:\Users\User\AppData\Roaming\npm;D:\easycode\nodejs\;C:\Program Files\Broadcom\Broadcom 802.11 Network Adapter;C:\Program Files (x86)\Intel\TXE Components\TCS\;C:\Program Files\Intel\TXE Components\TCS\;C:\Windows\system32;C:\Windows;C:\Windows\System32\Wbem;C:\Windows\System32\WindowsPowerShell\v1.0\;C:\Program Files\WIDCOMM\Bluetooth Software\;C:\Program Files\WIDCOMM\Bluetooth Software\syswow64;C:\Program Files (x86)\Windows Live\Shared;D:\easycode\nodejs\;D:\Skype\Phone\;C:\Users\User\AppData\Roaming\npm
10 verbose lifecycle template@1.0.0~start: CWD: D:\easycode\class work\lesson 29\task-manager
11 silly lifecycle template@1.0.0~start: Args: [ '/d /s /c',
11 silly lifecycle   'nodemon server/app.js --exec babel-node --presets es2015,stage-2' ]
12 silly lifecycle template@1.0.0~start: Returned: code: 3221225786  signal: null
13 info lifecycle template@1.0.0~start: Failed to exec start script
14 verbose stack Error: template@1.0.0 start: `nodemon server/app.js --exec babel-node --presets es2015,stage-2`
14 verbose stack Exit status 3221225786
14 verbose stack     at EventEmitter.<anonymous> (D:\easycode\nodejs\node_modules\npm\lib\utils\lifecycle.js:255:16)
14 verbose stack     at emitTwo (events.js:106:13)
14 verbose stack     at EventEmitter.emit (events.js:191:7)
14 verbose stack     at ChildProcess.<anonymous> (D:\easycode\nodejs\node_modules\npm\lib\utils\spawn.js:40:14)
14 verbose stack     at emitTwo (events.js:106:13)
14 verbose stack     at ChildProcess.emit (events.js:191:7)
14 verbose stack     at maybeClose (internal/child_process.js:877:16)
14 verbose stack     at Process.ChildProcess._handle.onexit (internal/child_process.js:226:5)
15 verbose pkgid template@1.0.0
16 verbose cwd D:\easycode\class work\lesson 29\task-manager\app
17 error Windows_NT 6.3.9600
18 error argv "D:\\easycode\\nodejs\\node.exe" "D:\\easycode\\nodejs\\node_modules\\npm\\bin\\npm-cli.js" "start"
19 error node v6.9.1
20 error npm  v3.10.8
21 error code ELIFECYCLE
22 error template@1.0.0 start: `nodemon server/app.js --exec babel-node --presets es2015,stage-2`
22 error Exit status 3221225786
23 error Failed at the template@1.0.0 start script 'nodemon server/app.js --exec babel-node --presets es2015,stage-2'.
23 error Make sure you have the latest version of node.js and npm installed.
23 error If you do, this is most likely a problem with the template package,
23 error not with npm itself.
23 error Tell the author that this fails on your system:
23 error     nodemon server/app.js --exec babel-node --presets es2015,stage-2
23 error You can get information on how to open an issue for this project with:
23 error     npm bugs template
23 error Or if that isn't available, you can get their info via:
23 error     npm owner ls template
23 error There is likely additional logging output above.
24 verbose exit [ 1, true ]
